[   0.0000] Intiizng cgrp bss cpust   0.000 Iitiaizg roupubyspu
  0.0000] Iniaizg cgousuys cuact[   .000] Linuxeron4.4.-1-geric (ild@ly01-ad600 (cceron5.4.20069 (Uun 5.0-6un1~6.09) #45-Uun SP Fr A 1 13:7: UC 18Ubntu .4-11.145-genri4..117
[  .0000]oman le:OOT_MAE=oo/vmlin-4.0-11-geerc root=ID540bf-6533-be6-a323ccb3 o nse=tt csoe=ttS0[   0.0000KENEL ppte cpu:   0.000] Inte GuiInte
  0.0000] AMD utntAMD[  00000  entar nturauls
[   0.0000 x/fpuxsteoffst[: 76, ste_zes[]:25
[   0000] x8fp SpporinXSE feur 001'x foatig oi rgistrs
[    0.000000] x86/fpu: Supporting XSAVE feature 0x02: 'SSE registers'
[    0.000000] x86/fpu: Supporting XSAVE feature 0x04: 'AVX registers'
[    0.000000] x86/fpu: Enabled xstate features 0x7, context size is 83 btes ung'sandar' orat
    0.000000] x86/fpu: Using 'lazy' FPU context switches.
[    0.000000] e820: BIOS-provided physical RAM map:
[    0.000000] BIOS-e820: [mem 0x0000000000000000-0x000000000009fbff] usable
[    0.000000] BIOS-e820: [mem 0x000000000009fc00-0x000000000009ffff] reserved
[    0.000000] BIOS-e820: [mem 0x00000000000f00-0000000000fffff] reserved
[    0.000000] BIOS-e820: [mem 0x0000000000100000-0x000000003ffeffff] usable
[    0.000000] BIOS-e820: [mem 0x0000003f000-0x00000fffff] APIata
[   000000] IOS-82: em0x00000f00000-x0000fecff rserv
   0.0000]BIS-e80:me 0x00000e0000-000000eeff] rerv
    .000 BIOe8: mem x0000ffc000-000000ffff] rerv
    00000] NX ExutDiable ptetion ativ
   00000SMBIS 5 pesnt.[  000000] ypvisodectd:KV
[    0.000000] e820: last_pfn = 0x3fff0 max_arch_pfn = 0x400000000
[    0.000000] MTRR: Disabled
[    0.000000] x86/PAT: MTRRs disabled, skipping PAT initialization too.
[    0.000000] CPU MTRRs all blank  vrtuazesytem.
[    0.000000] x86/PAT: Configuration [0-7] W WT UC U    WTUCUC 
[  00000] ou S MP-blat[m 000fff0-000ffff mapp a[fff80009f0][   00000]caing 1 eafo lowmerycorrpton
[  0.00] AMDIK:me 0x3f40-x370f1ff
[   00000 ACI:ary table chks vrifiti dsabld   0.000 API: SDP x0000000000 000 (2 VBX 
   0.0000]CPI:XS 0000000FF30 003(v1 VB  BOXST 0001 AL 00061)
[  .00000AC: ACP 0x00000FF000 0000F4 04BOX  VXFP 000001SL 0001)
[  0.0000]ACPI DSD 0000000FF47 002F 02VBOX  OXOS 00002 NT 2010028
  0.0000 AI: FCSx000003F02 0000    0000 APIFA  0x00003F02 0000   0.00] CPI:PI0x000000FF240 0005C 02VBOX  VXAIC 00001ASL 0006)
[    0.000000] ACPI: SSDT 0x000000003FFF02A0 0001CC (v01 VBOX   VBOXCPUT 00000002 INTL 20100528)
[    0.000000] No NUMA configuration found
[    0.0000Faing  ne t [mm 00000000000x000003fefff]
[  00000 NE_TA(0) llat [me 0ffb000x3effff]
[  .0000]kvcloc Ungmss 5601 a 4b5d00[  00000]vmclock:cp0,msr 3f301,prarcpu lo
   00000kvm-lo: ing heofset of175162 ccls[   0.000] cocouce k-cck: as 0ffffffffff mx_cl: 0x1c424dfb, maxid_n 8819014 ns[  00000Zoe rage
   00000  DMA   me 0x0000000100-000000ffff
[   .000]   MA  [mem0x000001000-000000fffff][  000000] Nmal   mpy[    000000]  evce  emty
[  0.00] Moab znestar fr ach noe
[   0.000] Early mmoy de rge
[   0.000000]   node   0: [mem 0x0000000000001000-0x000000000009efff]
[    0.000000]   node   0: [mem 0x0000000000100000-0x000000003ffeffff]
[    0.000000] Initmem et nde0 emx000000000100-000003ffeff
    0000 ACP: -Ter IPot:x400
  .000000] IOAPIC[]:pic_d 2,versn 2,ddss xfec000, I 0-3   0.000 ACP I_SC_VRbu 0usrq0 glalir 2 dl l)
[   00000]CP INTRCVR(bus0 s_rq9 ob_irq9 w evl)[   0.000] UsingACPI (MADT) for SMP configuraioinfoatn
[  00000] smpboot:Alwi 2 CUs0 otpl Cs
[    0.00000] : egistered noavmeory:me 00000000x0000ff
[   0.000] M: Rgierd ose emy:[m 0x0009f000-000fff]
   000000] PM Rgieredosavmemoy:[m 0x000000x00eff][    .000] PMRestered nosa mory: [m 00f000-000ffff]
[  .00000 e0:[mem0x00000-xfffff] aible r I deics[   .0000]oong paravrtalized erl n KV
[  0.00] lockoue:refiediffies: mask: 0xfffffff max_cycles: xfffff, x_dl_ns:7651600256ns
[    0.000000] setup_percpu: NR_CPUS:512 nr_cpumask_bits:512 nr_cpu_ids:2 nr_nodid1
[   0000] RC: Embeddd  pgecp@fff88030000994 8192d32810486
[   .00000PVspinocha tabe ntes 256(oer0, 409byes
[  0.000] Bil1 onelst iNoe orermolityroin on.  Talags: 279
   0.000] licyzo: A32  0.0000Kenel omndine:BO_IMAE=/bootvmliuz4..012geric otUI=c54b9205-432-65af32c5b3ro conoltt1 onoltt0
[  00000] PI hh ble ntes4096(oer3, 368yts)
  .0000]Mery 9977210120K aaibl(853K rnl co, 313 rwdta39K roat 18K it,31K bs 548K esve 0K c-rered)[  0000000]SL: alig64Orer=03,inject=0CP=2, de1
[  .0000]erl/ser geable ilaio: abd
[    .0000] Hiercca RCUmpmetation
[  .00000	Bld-tmedjtmentofeafanot  6
[   0000] CUesrictngPUfromNRPU=512o _cu_ds.[   .000] RCU: Adusnggeet fr rcufauteaf=4, ncpids=
  .00000NRRQS:30 nirqs4416
[    0000 Conol clourVG 825
  0.0000] onletty1]enle
[    0.000000] onle[tyS0] abd
[    0.000000] tsc: Detected 3600.000 MHz processor
[   21.620104] Calibrating delay loop (skipped) preset value.. 7200.00 BogoMIPS (lpj=14400000)
[   21.802880] pid_max: default: 32768 minimum: 301
[   21.902797] ACPI: Core revision 20150930
[   22.008264] ACPI: 2 ACPI AML tables successfully acquired and loaded
[   22.131285] Security Framework initialized
[   22.219195] Yama: becoming mindful.
[   22.291073] AppArmor: AppArmor initialized
[   22.299460] Dentry cache hash table entries: 131072 (order: 8, 1048576 bytes)
[   22.454633] Inode-cache hash table entries: 65536 (order: 7, 524288 bytes)
[   22.551230] Mount-cache hash table entries: 2048 (order: 2, 16384 bytes)
[   22.607359] Mountpoint-cache hash table entries: 2048 (order: 2, 16384 bytes)
[   22.754911] Initializing cgroup subsys io
[   22.835297] Initializing cgroup subsys memory
[   22.928493] Initializing cgroup subsys devices
[   23.031730] Initializing cgroup subsys freezer
[   23.108407] Initializing cgroup subsys net_cls
[   23.207478] Initializing cgroup subsys perf_event
[   23.307216] Initializing cgroup subsys net_prio
[   23.402913] Initializing cgroup subsys hugetlb
[   23.511467] Initializing cgroup subsys pids
[   23.625205] CPU: Physical Processor ID: 0
[   23.723650] CPU: Processor Core ID: 0
[   23.818224] FEATURE SPEC_CTRL Not Present
[   23.920676] mce: CPU supports 0 MCE banks
[   23.951276] Last level iTLB entries: 4KB 64, 2MB 8, 4MB 8
[   23.951977] Last level dTLB entries: 4KB 64, 2MB 0, 4MB 0, 1GB 4
[   23.952691] Spectre V2 mitigation: Mitigation: Full generic retpoline
[   24.095528] Spectre V2 mitigation: Speculation control IBPB not-supported IBRS not-supported
[   24.270802] Spectre V2 mitigation: Filling RSB on context switch
[   24.392813] Freeing SMP alternatives memory: 32K
[   24.498085] ftrace: allocating 32202 entries in 126 pages
[   24.681663] smpboot: APIC(0) Converting physical 0 to logical package 0
[   24.810294] smpboot: Max logical packages: 1
[   24.903336] x2apic enabled
[   24.977718] Switched APIC routing to physical x2apic.
[   25.044527] ..TIMER: vector=0x30 apic1=0 pin1=2 apic2=-1 pin2=-1
[   25.298851] smpboot: CPU0: Intel(R) Core(TM) i7-7700 CPU @ 3.60GHz (family: 0x6, model: 0x9e, stepping: 0x9)
[   25.519381] Performance Events: unsupported p6 CPU model 158 no PMU driver, software events only.
[   25.712119] KVM setup paravirtual spinlock
[   25.794313] x86: Booting SMP configuration:
[   25.870117] .... node  #0, CPUs:      #1
[   25.950692] kvm-clock: cpu 1, msr 0:3ffe3041, secondary cpu clock
[   26.060038] mce: CPU supports 0 MCE banks
[   26.118014] x86: Booted up 1 node, 2 CPUs
[   26.134238] smpboot: Total of 2 processors activated (14400.00 BogoMIPS)
[   26.193791] devtmpfs: initialized
[   26.267528] evm: security.selinux
[   26.331429] evm: security.SMACK64
[   26.427797] evm: security.SMACK64EXEC
[   26.512398] evm: security.SMACK64TRANSMUTE
[   26.592542] evm: security.SMACK64MMAP
[   26.671240] evm: security.ima
[   26.734926] evm: security.capability
[   26.807645] clocksource: jiffies: mask: 0xffffffff max_cycles: 0xffffffff, max_idle_ns: 7645041785100000 ns
[   26.961251] futex hash table entries: 512 (order: 3, 32768 bytes)
[   27.069431] pinctrl core: initialized pinctrl subsystem
[   27.191481] RTC time: 13:48:05, date: 05/07/18
[   27.269603] NET: Registered protocol family 16
[   27.360655] cpuidle: using governor ladder
[   27.451870] cpuidle: using governor menu
[   27.533601] PCCT header not found.
[   27.610221] ACPI: bus type PCI registered
[   27.690469] acpiphp: ACPI Hot Plug PCI Controller Driver version: 0.5
[   27.843664] PCI: Using configuration type 1 for base access
[   27.978445] ACPI: Added _OSI(Module Device)
[   28.079028] ACPI: Added _OSI(Processor Device)
[   28.171506] ACPI: Added _OSI(3.0 _SCP Extensions)
[   28.264813] ACPI: Added _OSI(Processor Aggregator Device)
[   28.363026] ACPI: Executed 1 blocks of module-level executable AML code
[   28.523789] ACPI: Interpreter enabled
[   28.587213] ACPI: (supports S0 S5)
[   28.621472] ACPI: Using IOAPIC for interrupt routing
[   28.701994] PCI: Using host bridge windows from ACPI; if necessary, use "pci=nocrs" and report a bug
[   28.868151] ACPI: PCI Root Bridge [PCI0] (domain 0000 [bus 00-ff])
[   28.994811] acpi PNP0A03:00: _OSC: OS supports [ASPM ClockPM Segments MSI]
[   29.061581] acpi PNP0A03:00: _OSC: not requesting OS control; OS requires [ExtendedConfig ASPM ClockPM MSI]
[   29.152252] acpi PNP0A03:00: fail to add MMCONFIG information, can't access extended PCI configuration space under this bridge.
[   29.324443] PCI host bridge to bus 0000:00
[   29.408023] pci_bus 0000:00: root bus resource [io  0x0000-0x0cf7 window]
[   29.516191] pci_bus 0000:00: root bus resource [io  0x0d00-0xffff window]
[   29.630930] pci_bus 0000:00: root bus resource [mem 0x000a0000-0x000bffff window]
[   29.765642] pci_bus 0000:00: root bus resource [mem 0x40000000-0xfdffffff window]
[   29.878801] pci_bus 0000:00: root bus resource [bus 00-ff]
[   29.932133] pci 0000:00:01.1: legacy IDE quirk: reg 0x10: [io  0x01f0-0x01f7]
[   30.082520] pci 0000:00:01.1: legacy IDE quirk: reg 0x14: [io  0x03f6]
[ 